<?xml version="1.0" encoding="UTF-8"?>
<testsuite name="org.gradle.sample.app.MessageUtilsTest" tests="1" skipped="0" failures="0" errors="0" timestamp="2020-08-31T16:09:35" hostname="sugfdo-HP-Pavilion-Gaming-Notebook" time="0.015">
  <properties/>
  <testcase name="testGetMessage()" classname="org.gradle.sample.app.MessageUtilsTest" time="0.015"/>
  <system-out><![CDATA[]]></system-out>
  <system-err><![CDATA[]]></system-err>
</testsuite>
